27.01.2017 v1.9
    *   Изменена форма входа в систему.
        Теперь выпадающий список пользователей выводится только для локальных адресов.
        При входе из интернета нужно вводить логин.
    *   Изменен подвал шаблона. Теперь версия программы это статическая переменная класса модуля.
01.11.2016 v1.8
    +   Добавлена возможность заведения задачи на следующий месяц.
        Проверки дат: Сдача задачи не может быть больше Начала;
        Сдача задачи должна быть в том же месяце, что и Начало.
14.10.2016 v1.7
    +   Добавлен project_manager_id в таблицу projects для установки менеджера проекта по-умолчанию.
    +   Добавлен depdrop/projectsmanager для подставновки менеджера проектов по-умолчанию при выборе проекта во время заведения задачи
    *   Внесены изменения чтобы отображать и редактировать project_manager_id при работе с моделью project
01.09.2016 v1.6
    +   Добавлена ежедневная рассылка о наличии задач сотрудников для их руководителей
    *   При подсчете расхода бюджета теперь не учитываются проваленные задания. 
        Таким образом часы проваленных заданий возвращаются в бюджет в конце месяца.
    *   Максимальное превышение бюджета снижено с 115% до 105%.
    *   Исправлена фильтрация в отчете для бухгалтерии по полю Техрук (был фильтр по полю technical_lead_id, стало по user_id через таблицу профилей).
05.08.2016 v1.5
    *   При подсчете расхода бюджета теперь не учитываются проваленные задания. 
        Таким образом часы проваленных заданий возвращаются в бюджет в конце месяца.
    *   Максимальное превышение бюджета снижено с 115% до 105%.
03.08.2016 v1.4
    +   Рассылка оповещений по выполнении бюджета на 75% и 100%
        Для этого добавлены поля flag1, flag2 в таблицу budgets
    +   Добавлены вычисляемые поля used, rating в индексе бюджетов
    +   Сделана сортировка и фильтрация для всех полей индекса бюджетов
    +   Сделана сортировка и фильтрация для всех полей индекса проектов
    *   Перенес фильтр по статусу в тулбар
    *   Применение фильтра по статусу теперь не моментальное, можно выбрать нужные галки и нажать "Применить"
    *   Применение фильтра по статусу теперь не сбрасывает другие фильтры
13.07.2016 v1.3
    *   Задачи создаваемые менеджером проектов теперь так же проходят проверку на превышение бюджета
    *   Задача не создается, если бюджет проектной части: не задан, равен 0 или превышен на 15%
        (Ранее: У ГИПа была возможность создать одно задание если бюджет равнялся 0 или не был задан)